# JRE version: Java(TM) SE Runtime Environment (8.0_40-b25) (build 1.8.0_40-b25)
# Java VM: Java HotSpot(TM) 64-Bit Server VM (25.40-b25 mixed mode windows-amd64 compressed oops)
Heap:
 PSYoungGen      total 271360K, used 250459K [0x00000000eab00000, 0x00000000fd680000, 0x0000000100000000)
  eden space 247808K, 91% used [0x00000000eab00000,0x00000000f8897a10,0x00000000f9d00000)
  from space 23552K, 99% used [0x00000000f9d00000,0x00000000fb3ff440,0x00000000fb400000)
  to   space 23552K, 0% used [0x00000000fb400000,0x00000000fb400000,0x00000000fcb00000)
 ParOldGen       total 93184K, used 50636K [0x00000000c0000000, 0x00000000c5b00000, 0x00000000eab00000)
  object space 93184K, 54% used [0x00000000c0000000,0x00000000c3173150,0x00000000c5b00000)
 Metaspace       used 72890K, capacity 75868K, committed 76072K, reserved 1114112K
  class space    used 9851K, capacity 10960K, committed 11048K, reserved 1048576K
GC Heap History (10 events):
Event: 1666.315 GC heap before
{Heap before GC invocations=16 (full 3):
 PSYoungGen      total 217600K, used 198656K [0x00000000eab00000, 0x00000000f9500000, 0x0000000100000000)
  eden space 198656K, 100% used [0x00000000eab00000,0x00000000f6d00000,0x00000000f6d00000)
  from space 18944K, 0% used [0x00000000f8080000,0x00000000f8080000,0x00000000f9300000)
  to   space 19968K, 0% used [0x00000000f6d00000,0x00000000f6d00000,0x00000000f8080000)
 ParOldGen       total 58880K, used 47017K [0x00000000c0000000, 0x00000000c3980000, 0x00000000eab00000)
  object space 58880K, 79% used [0x00000000c0000000,0x00000000c2dea4f0,0x00000000c3980000)
 Metaspace       used 55896K, capacity 58062K, committed 58408K, reserved 1099776K
  class space    used 7541K, capacity 8374K, committed 8488K, reserved 1048576K
Event: 1666.344 GC heap after
Heap after GC invocations=16 (full 3):
 PSYoungGen      total 218624K, used 19954K [0x00000000eab00000, 0x00000000fcb00000, 0x0000000100000000)
  eden space 198656K, 0% used [0x00000000eab00000,0x00000000eab00000,0x00000000f6d00000)
  from space 19968K, 99% used [0x00000000f6d00000,0x00000000f807ca28,0x00000000f8080000)
  to   space 23552K, 0% used [0x00000000fb400000,0x00000000fb400000,0x00000000fcb00000)
 ParOldGen       total 58880K, used 48919K [0x00000000c0000000, 0x00000000c3980000, 0x00000000eab00000)
  object space 58880K, 83% used [0x00000000c0000000,0x00000000c2fc5cd8,0x00000000c3980000)
 Metaspace       used 55896K, capacity 58062K, committed 58408K, reserved 1099776K
  class space    used 7541K, capacity 8374K, committed 8488K, reserved 1048576K
}
Event: 1666.344 GC heap before
{Heap before GC invocations=17 (full 4):
 PSYoungGen      total 218624K, used 19954K [0x00000000eab00000, 0x00000000fcb00000, 0x0000000100000000)
  eden space 198656K, 0% used [0x00000000eab00000,0x00000000eab00000,0x00000000f6d00000)
  from space 19968K, 99% used [0x00000000f6d00000,0x00000000f807ca28,0x00000000f8080000)
  to   space 23552K, 0% used [0x00000000fb400000,0x00000000fb400000,0x00000000fcb00000)
 ParOldGen       total 58880K, used 48919K [0x00000000c0000000, 0x00000000c3980000, 0x00000000eab00000)
  object space 58880K, 83% used [0x00000000c0000000,0x00000000c2fc5cd8,0x00000000c3980000)
 Metaspace       used 55896K, capacity 58062K, committed 58408K, reserved 1099776K
  class space    used 7541K, capacity 8374K, committed 8488K, reserved 1048576K
Event: 1666.587 GC heap after
Heap after GC invocations=17 (full 4):
 PSYoungGen      total 218624K, used 0K [0x00000000eab00000, 0x00000000fcb00000, 0x0000000100000000)
  eden space 198656K, 0% used [0x00000000eab00000,0x00000000eab00000,0x00000000f6d00000)
  from space 19968K, 0% used [0x00000000f6d00000,0x00000000f6d00000,0x00000000f8080000)
  to   space 23552K, 0% used [0x00000000fb400000,0x00000000fb400000,0x00000000fcb00000)
 ParOldGen       total 93184K, used 42022K [0x00000000c0000000, 0x00000000c5b00000, 0x00000000eab00000)
  object space 93184K, 45% used [0x00000000c0000000,0x00000000c2909b20,0x00000000c5b00000)
 Metaspace       used 54804K, capacity 55828K, committed 58408K, reserved 1099776K
  class space    used 7177K, capacity 7533K, committed 8488K, reserved 1048576K
}
Event: 1670.768 GC heap before
{Heap before GC invocations=18 (full 4):
 PSYoungGen      total 218624K, used 167113K [0x00000000eab00000, 0x00000000fcb00000, 0x0000000100000000)
  eden space 198656K, 84% used [0x00000000eab00000,0x00000000f4e326f0,0x00000000f6d00000)
  from space 19968K, 0% used [0x00000000f6d00000,0x00000000f6d00000,0x00000000f8080000)
  to   space 23552K, 0% used [0x00000000fb400000,0x00000000fb400000,0x00000000fcb00000)
 ParOldGen       total 93184K, used 42022K [0x00000000c0000000, 0x00000000c5b00000, 0x00000000eab00000)
  object space 93184K, 45% used [0x00000000c0000000,0x00000000c2909b20,0x00000000c5b00000)
 Metaspace       used 57054K, capacity 58500K, committed 59688K, reserved 1099776K
  class space    used 7568K, capacity 8084K, committed 8488K, reserved 1048576K
Event: 1670.813 GC heap after
Heap after GC invocations=18 (full 4):
 PSYoungGen      total 271360K, used 12577K [0x00000000eab00000, 0x00000000fd680000, 0x0000000100000000)
  eden space 247808K, 0% used [0x00000000eab00000,0x00000000eab00000,0x00000000f9d00000)
  from space 23552K, 53% used [0x00000000fb400000,0x00000000fc048470,0x00000000fcb00000)
  to   space 23552K, 0% used [0x00000000f9d00000,0x00000000f9d00000,0x00000000fb400000)
 ParOldGen       total 93184K, used 42030K [0x00000000c0000000, 0x00000000c5b00000, 0x00000000eab00000)
  object space 93184K, 45% used [0x00000000c0000000,0x00000000c290bb20,0x00000000c5b00000)
 Metaspace       used 57054K, capacity 58500K, committed 59688K, reserved 1099776K
  class space    used 7568K, capacity 8084K, committed 8488K, reserved 1048576K
}
Event: 1670.813 GC heap before
{Heap before GC invocations=19 (full 5):
 PSYoungGen      total 271360K, used 12577K [0x00000000eab00000, 0x00000000fd680000, 0x0000000100000000)
  eden space 247808K, 0% used [0x00000000eab00000,0x00000000eab00000,0x00000000f9d00000)
  from space 23552K, 53% used [0x00000000fb400000,0x00000000fc048470,0x00000000fcb00000)
  to   space 23552K, 0% used [0x00000000f9d00000,0x00000000f9d00000,0x00000000fb400000)
 ParOldGen       total 93184K, used 42030K [0x00000000c0000000, 0x00000000c5b00000, 0x00000000eab00000)
  object space 93184K, 45% used [0x00000000c0000000,0x00000000c290bb20,0x00000000c5b00000)
 Metaspace       used 57054K, capacity 58500K, committed 59688K, reserved 1099776K
  class space    used 7568K, capacity 8084K, committed 8488K, reserved 1048576K
Event: 1671.244 GC heap after
Heap after GC invocations=19 (full 5):
 PSYoungGen      total 271360K, used 0K [0x00000000eab00000, 0x00000000fd680000, 0x0000000100000000)
  eden space 247808K, 0% used [0x00000000eab00000,0x00000000eab00000,0x00000000f9d00000)
  from space 23552K, 0% used [0x00000000fb400000,0x00000000fb400000,0x00000000fcb00000)
  to   space 23552K, 0% used [0x00000000f9d00000,0x00000000f9d00000,0x00000000fb400000)
 ParOldGen       total 93184K, used 47249K [0x00000000c0000000, 0x00000000c5b00000, 0x00000000eab00000)
  object space 93184K, 50% used [0x00000000c0000000,0x00000000c2e247d8,0x00000000c5b00000)
 Metaspace       used 57021K, capacity 58386K, committed 59688K, reserved 1099776K
  class space    used 7560K, capacity 8050K, committed 8488K, reserved 1048576K
}
Event: 1702.819 GC heap before
{Heap before GC invocations=20 (full 5):
 PSYoungGen      total 271360K, used 247808K [0x00000000eab00000, 0x00000000fd680000, 0x0000000100000000)
  eden space 247808K, 100% used [0x00000000eab00000,0x00000000f9d00000,0x00000000f9d00000)
  from space 23552K, 0% used [0x00000000fb400000,0x00000000fb400000,0x00000000fcb00000)
  to   space 23552K, 0% used [0x00000000f9d00000,0x00000000f9d00000,0x00000000fb400000)
 ParOldGen       total 93184K, used 47249K [0x00000000c0000000, 0x00000000c5b00000, 0x00000000eab00000)
  object space 93184K, 50% used [0x00000000c0000000,0x00000000c2e247d8,0x00000000c5b00000)
 Metaspace       used 65239K, capacity 67570K, committed 67752K, reserved 1107968K
  class space    used 8751K, capacity 9603K, committed 9640K, reserved 1048576K
Event: 1702.866 GC heap after
Heap after GC invocations=20 (full 5):
 PSYoungGen      total 271360K, used 23549K [0x00000000eab00000, 0x00000000fd680000, 0x0000000100000000)
  eden space 247808K, 0% used [0x00000000eab00000,0x00000000eab00000,0x00000000f9d00000)
  from space 23552K, 99% used [0x00000000f9d00000,0x00000000fb3ff440,0x00000000fb400000)
  to   space 23552K, 0% used [0x00000000fb400000,0x00000000fb400000,0x00000000fcb00000)
 ParOldGen       total 93184K, used 50636K [0x00000000c0000000, 0x00000000c5b00000, 0x00000000eab00000)
  object space 93184K, 54% used [0x00000000c0000000,0x00000000c3173150,0x00000000c5b00000)
 Metaspace       used 65239K, capacity 67570K, committed 67752K, reserved 1107968K
  class space    used 8751K, capacity 9603K, committed 9640K, reserved 1048576K
}

