# JRE version: Java(TM) SE Runtime Environment (8.0_40-b25) (build 1.8.0_40-b25)
# Java VM: Java HotSpot(TM) 64-Bit Server VM (25.40-b25 mixed mode windows-amd64 compressed oops)
Heap:
 PSYoungGen      total 68096K, used 54533K [0x00000000eab00000, 0x00000000f0800000, 0x0000000100000000)
  eden space 59392K, 86% used [0x00000000eab00000,0x00000000edd34a38,0x00000000ee500000)
  from space 8704K, 35% used [0x00000000ee500000,0x00000000ee80ca20,0x00000000eed80000)
  to   space 8704K, 0% used [0x00000000eff80000,0x00000000eff80000,0x00000000f0800000)
 ParOldGen       total 39936K, used 7379K [0x00000000c0000000, 0x00000000c2700000, 0x00000000eab00000)
  object space 39936K, 18% used [0x00000000c0000000,0x00000000c0734d40,0x00000000c2700000)
 Metaspace       used 23517K, capacity 24114K, committed 24320K, reserved 1071104K
  class space    used 3035K, capacity 3243K, committed 3328K, reserved 1048576K
GC Heap History (10 events):
Event: 4.485 GC heap before
{Heap before GC invocations=4 (full 0):
 PSYoungGen      total 35328K, used 35312K [0x00000000eab00000, 0x00000000ef000000, 0x0000000100000000)
  eden space 32768K, 100% used [0x00000000eab00000,0x00000000ecb00000,0x00000000ecb00000)
  from space 2560K, 99% used [0x00000000ecb00000,0x00000000ecd7c010,0x00000000ecd80000)
  to   space 2560K, 0% used [0x00000000eed80000,0x00000000eed80000,0x00000000ef000000)
 ParOldGen       total 44032K, used 6658K [0x00000000c0000000, 0x00000000c2b00000, 0x00000000eab00000)
  object space 44032K, 15% used [0x00000000c0000000,0x00000000c0680960,0x00000000c2b00000)
 Metaspace       used 18855K, capacity 19260K, committed 19456K, reserved 1067008K
  class space    used 2596K, capacity 2724K, committed 2816K, reserved 1048576K
Event: 4.515 GC heap after
Heap after GC invocations=4 (full 0):
 PSYoungGen      total 68096K, used 2528K [0x00000000eab00000, 0x00000000ef000000, 0x0000000100000000)
  eden space 65536K, 0% used [0x00000000eab00000,0x00000000eab00000,0x00000000eeb00000)
  from space 2560K, 98% used [0x00000000eed80000,0x00000000eeff8020,0x00000000ef000000)
  to   space 2560K, 0% used [0x00000000eeb00000,0x00000000eeb00000,0x00000000eed80000)
 ParOldGen       total 44032K, used 10855K [0x00000000c0000000, 0x00000000c2b00000, 0x00000000eab00000)
  object space 44032K, 24% used [0x00000000c0000000,0x00000000c0a99d70,0x00000000c2b00000)
 Metaspace       used 18855K, capacity 19260K, committed 19456K, reserved 1067008K
  class space    used 2596K, capacity 2724K, committed 2816K, reserved 1048576K
}
Event: 4.799 GC heap before
{Heap before GC invocations=5 (full 0):
 PSYoungGen      total 68096K, used 11519K [0x00000000eab00000, 0x00000000ef000000, 0x0000000100000000)
  eden space 65536K, 13% used [0x00000000eab00000,0x00000000eb3c7ef8,0x00000000eeb00000)
  from space 2560K, 98% used [0x00000000eed80000,0x00000000eeff8020,0x00000000ef000000)
  to   space 2560K, 0% used [0x00000000eeb00000,0x00000000eeb00000,0x00000000eed80000)
 ParOldGen       total 44032K, used 10855K [0x00000000c0000000, 0x00000000c2b00000, 0x00000000eab00000)
  object space 44032K, 24% used [0x00000000c0000000,0x00000000c0a99d70,0x00000000c2b00000)
 Metaspace       used 20650K, capacity 21058K, committed 21248K, reserved 1067008K
  class space    used 2814K, capacity 2981K, committed 3072K, reserved 1048576K
Event: 4.827 GC heap after
Heap after GC invocations=5 (full 0):
 PSYoungGen      total 68096K, used 2528K [0x00000000eab00000, 0x00000000ef000000, 0x0000000100000000)
  eden space 65536K, 0% used [0x00000000eab00000,0x00000000eab00000,0x00000000eeb00000)
  from space 2560K, 98% used [0x00000000eeb00000,0x00000000eed78020,0x00000000eed80000)
  to   space 2560K, 0% used [0x00000000eed80000,0x00000000eed80000,0x00000000ef000000)
 ParOldGen       total 44032K, used 12629K [0x00000000c0000000, 0x00000000c2b00000, 0x00000000eab00000)
  object space 44032K, 28% used [0x00000000c0000000,0x00000000c0c554d8,0x00000000c2b00000)
 Metaspace       used 20650K, capacity 21058K, committed 21248K, reserved 1067008K
  class space    used 2814K, capacity 2981K, committed 3072K, reserved 1048576K
}
Event: 4.827 GC heap before
{Heap before GC invocations=6 (full 1):
 PSYoungGen      total 68096K, used 2528K [0x00000000eab00000, 0x00000000ef000000, 0x0000000100000000)
  eden space 65536K, 0% used [0x00000000eab00000,0x00000000eab00000,0x00000000eeb00000)
  from space 2560K, 98% used [0x00000000eeb00000,0x00000000eed78020,0x00000000eed80000)
  to   space 2560K, 0% used [0x00000000eed80000,0x00000000eed80000,0x00000000ef000000)
 ParOldGen       total 44032K, used 12629K [0x00000000c0000000, 0x00000000c2b00000, 0x00000000eab00000)
  object space 44032K, 28% used [0x00000000c0000000,0x00000000c0c554d8,0x00000000c2b00000)
 Metaspace       used 20650K, capacity 21058K, committed 21248K, reserved 1067008K
  class space    used 2814K, capacity 2981K, committed 3072K, reserved 1048576K
Event: 5.108 GC heap after
Heap after GC invocations=6 (full 1):
 PSYoungGen      total 68096K, used 0K [0x00000000eab00000, 0x00000000ef000000, 0x0000000100000000)
  eden space 65536K, 0% used [0x00000000eab00000,0x00000000eab00000,0x00000000eeb00000)
  from space 2560K, 0% used [0x00000000eeb00000,0x00000000eeb00000,0x00000000eed80000)
  to   space 2560K, 0% used [0x00000000eed80000,0x00000000eed80000,0x00000000ef000000)
 ParOldGen       total 39936K, used 7363K [0x00000000c0000000, 0x00000000c2700000, 0x00000000eab00000)
  object space 39936K, 18% used [0x00000000c0000000,0x00000000c0730d40,0x00000000c2700000)
 Metaspace       used 20650K, capacity 21058K, committed 21248K, reserved 1067008K
  class space    used 2814K, capacity 2981K, committed 3072K, reserved 1048576K
}
Event: 5.537 GC heap before
{Heap before GC invocations=7 (full 1):
 PSYoungGen      total 68096K, used 65536K [0x00000000eab00000, 0x00000000ef000000, 0x0000000100000000)
  eden space 65536K, 100% used [0x00000000eab00000,0x00000000eeb00000,0x00000000eeb00000)
  from space 2560K, 0% used [0x00000000eeb00000,0x00000000eeb00000,0x00000000eed80000)
  to   space 2560K, 0% used [0x00000000eed80000,0x00000000eed80000,0x00000000ef000000)
 ParOldGen       total 39936K, used 7363K [0x00000000c0000000, 0x00000000c2700000, 0x00000000eab00000)
  object space 39936K, 18% used [0x00000000c0000000,0x00000000c0730d40,0x00000000c2700000)
 Metaspace       used 21362K, capacity 21768K, committed 22016K, reserved 1069056K
  class space    used 2896K, capacity 3046K, committed 3072K, reserved 1048576K
Event: 5.539 GC heap after
Heap after GC invocations=7 (full 1):
 PSYoungGen      total 61952K, used 1641K [0x00000000eab00000, 0x00000000f1200000, 0x0000000100000000)
  eden space 59392K, 0% used [0x00000000eab00000,0x00000000eab00000,0x00000000ee500000)
  from space 2560K, 64% used [0x00000000eed80000,0x00000000eef1a670,0x00000000ef000000)
  to   space 8704K, 0% used [0x00000000ee500000,0x00000000ee500000,0x00000000eed80000)
 ParOldGen       total 39936K, used 7371K [0x00000000c0000000, 0x00000000c2700000, 0x00000000eab00000)
  object space 39936K, 18% used [0x00000000c0000000,0x00000000c0732d40,0x00000000c2700000)
 Metaspace       used 21362K, capacity 21768K, committed 22016K, reserved 1069056K
  class space    used 2896K, capacity 3046K, committed 3072K, reserved 1048576K
}
Event: 5.892 GC heap before
{Heap before GC invocations=8 (full 1):
 PSYoungGen      total 61952K, used 61033K [0x00000000eab00000, 0x00000000f1200000, 0x0000000100000000)
  eden space 59392K, 100% used [0x00000000eab00000,0x00000000ee500000,0x00000000ee500000)
  from space 2560K, 64% used [0x00000000eed80000,0x00000000eef1a670,0x00000000ef000000)
  to   space 8704K, 0% used [0x00000000ee500000,0x00000000ee500000,0x00000000eed80000)
 ParOldGen       total 39936K, used 7371K [0x00000000c0000000, 0x00000000c2700000, 0x00000000eab00000)
  object space 39936K, 18% used [0x00000000c0000000,0x00000000c0732d40,0x00000000c2700000)
 Metaspace       used 22539K, capacity 23008K, committed 23168K, reserved 1069056K
  class space    used 3011K, capacity 3177K, committed 3200K, reserved 1048576K
Event: 5.896 GC heap after
Heap after GC invocations=8 (full 1):
 PSYoungGen      total 68096K, used 3122K [0x00000000eab00000, 0x00000000f0800000, 0x0000000100000000)
  eden space 59392K, 0% used [0x00000000eab00000,0x00000000eab00000,0x00000000ee500000)
  from space 8704K, 35% used [0x00000000ee500000,0x00000000ee80ca20,0x00000000eed80000)
  to   space 8704K, 0% used [0x00000000eff80000,0x00000000eff80000,0x00000000f0800000)
 ParOldGen       total 39936K, used 7379K [0x00000000c0000000, 0x00000000c2700000, 0x00000000eab00000)
  object space 39936K, 18% used [0x00000000c0000000,0x00000000c0734d40,0x00000000c2700000)
 Metaspace       used 22539K, capacity 23008K, committed 23168K, reserved 1069056K
  class space    used 3011K, capacity 3177K, committed 3200K, reserved 1048576K
}

